<?xml version="1.0" encoding="UTF-8"?>
<testsuite xmlns:xsi="http://www.w3.org/2001/XMLSchema-instance" xsi:noNamespaceSchemaLocation="https://maven.apache.org/surefire/maven-surefire-plugin/xsd/surefire-test-report-3.0.xsd" version="3.0" name="net.aviation.yts.asterix.AppTest" time="0.813" tests="1" errors="0" skipped="0" failures="0">
  <properties>
[...]
</properties>
  <testcase name="TestParse_CATA62" classname="net.aviation.yts.asterix.AppTest" time="0.797">
    <system-out><![CDATA[                 ADF: No altitude discrepancy
         X-COMPONENT: 251339.5            
         TRACKNUMBER: 104.0               
                 SPI: default value       
                 STP: default value       
                 ADS: default value       
                 AMA: track not resulting from amalgamation process
                  ME: default value       
                VERT: Level               
                  MI: default value       
                 MDS: default value       
                 NBR: 37178.0             
                 SUC:  Special Used Code (Mode A codes to be defined in the system to mark a track with special interest) 
                 TSB: default value       
                 AAC:  Assigned Mode A Code Conflict (same discrete Mode A Code assigned to another track) 
                 TSE: default value       
                 TOD: 30027.297           
            ALTITUDE: 40000.0             
                 SIC: 0.0                 
                 PSR: default value       
                 SAC: 255.0               
                 SIM: Actual track        
                  AX: 0.0                 
                  AY: 0.0                 
                 FPC: Not flight-plan correlated
TARGETIDENTIFICATION: HVN331              
                 CNF: confirmed track     
            LATITUDE: 33.40138            
                 AFF: default value       
                  VX: -230.75             
                 MRH: Barometric altitude (Mode C) more reliable
                  VY: -97.25              
                 SRC: GNSS                
           LONGITUDE: 130.28793           
                 QNH: No QNH correction applied
               TRANS: constant course     
       TARGETADDRESS: 0x888153            
       MODE3A-CHANGE: No Change           
                LONG: constant GroundSpeed
                 CST: default value       
RATE OF CLIMB/DESCENT: 0.0                 
                 TYP: Plan Number         
                 MON: Multisensor track   
            MODE3A-V: Code validated      
                 KOS: Complementary service used
                 SSR: default value       
         Y-COMPONENT: -291336.0           
        MODE3A-REPLY: 3717                
                 MD4: No Mode 4 interrogation
            MODE3A-G: Default             
                 MD5: No Mode 5 interrogation
---------------------------------------------------
                 ADF: No altitude discrepancy
         X-COMPONENT: 252651.5            
         TRACKNUMBER: 809.0               
                 SPI: default value       
                 STP: default value       
                 ADS: default value       
                 AMA: track not resulting from amalgamation process
                  ME: default value       
                VERT: Descent             
                  MI: default value       
                 MDS: default value       
                 SUC:  Special Used Code (Mode A codes to be defined in the system to mark a track with special interest) 
                 TSB: default value       
                 AAC:  Assigned Mode A Code Conflict (same discrete Mode A Code assigned to another track) 
                 TSE: default value       
                 TOD: 30027.297           
            ALTITUDE: 4000.0              
                 SIC: 0.0                 
                 PSR: Age of the last received PSR track update is higher than system dependent threshold
                 SAC: 255.0               
                 SIM: Actual track        
                  AX: 0.0                 
                  AY: 0.0                 
                 FPC: Not flight-plan correlated
TARGETIDENTIFICATION: ANA261              
                 CNF: confirmed track     
            LATITUDE: 33.768623           
                 AFF: default value       
                  VX: -95.0               
                 MRH: Barometric altitude (Mode C) more reliable
                  VY: -100.25             
                 SRC: GNSS                
           LONGITUDE: 130.31221           
                 QNH: No QNH correction applied
               TRANS: constant course     
       TARGETADDRESS: 0x86d222            
       MODE3A-CHANGE: No Change           
                LONG: constant GroundSpeed
                 CST: default value       
RATE OF CLIMB/DESCENT: -518.75             
                 MON: Monosensor track    
            MODE3A-V: Code validated      
                 KOS: Complementary service used
                 SSR: Age of the last received SSR track update is higher than system dependent threshold
         Y-COMPONENT: -250544.0           
        MODE3A-REPLY: 1715                
                 MD4: No Mode 4 interrogation
            MODE3A-G: Default             
                 MD5: No Mode 5 interrogation
---------------------------------------------------
                 AFF: default value       
                  VX: -180.25             
                 MRH: Barometric altitude (Mode C) more reliable
                  VY: 4.5                 
                 ADF: No altitude discrepancy
           MODE2CODE: 7624                
         X-COMPONENT: 249871.5            
                 SRC: no source           
           LONGITUDE: 130.41702           
         TRACKNUMBER: 467.0               
                 QNH: No QNH correction applied
                 SPI: default value       
               TRANS: constant course     
                 STP: default value       
                 ADS: Age of the last received ADS-B track update is higher than system dependent threshold 
                 AMA: track not resulting from amalgamation process
                  ME: default value       
                VERT: Level               
       MODE3A-CHANGE: No Change           
                  MI: default value       
                 MDS: Age of the last received Mode S track update is higher than system dependent threshold 
                LONG: constant GroundSpeed
                 SUC:  Special Used Code (Mode A codes to be defined in the system to mark a track with special interest) 
                 TSB: default value       
                 AAC:  Assigned Mode A Code Conflict (same discrete Mode A Code assigned to another track) 
                 CST: default value       
                 TSE: default value       
RATE OF CLIMB/DESCENT: 0.0                 
                 TOD: 30027.297           
            ALTITUDE: 0.0                 
                 SIC: 0.0                 
                 MON: Monosensor track    
            MODE3A-V: Code not validated  
                 KOS: Complementary service used
                 PSR: Age of the last received PSR track update is higher than system dependent threshold
                 SSR: default value       
                 SAC: 255.0               
                 SIM: Actual track        
                  AX: 0.0                 
                  AY: 0.0                 
                 FPC: Not flight-plan correlated
                 CNF: confirmed track     
         Y-COMPONENT: 86870.5             
        MODE3A-REPLY: 0000                
                 MD4: No Mode 4 interrogation
            LATITUDE: 36.806812           
            MODE3A-G: Default             
                 MD5: No Mode 5 interrogation
---------------------------------------------------
                 ADF: No altitude discrepancy
         X-COMPONENT: 264437.5            
         TRACKNUMBER: 2338.0              
                 SPI: default value       
                 STP: default value       
                 ADS: default value       
                 AMA: track not resulting from amalgamation process
                  ME: default value       
                VERT: Climb               
                  MI: default value       
                 MDS: default value       
                 SUC:  Special Used Code (Mode A codes to be defined in the system to mark a track with special interest) 
                 TSB: default value       
                 AAC:  Assigned Mode A Code Conflict (same discrete Mode A Code assigned to another track) 
                 TSE: default value       
                 TOD: 30027.297           
            ALTITUDE: 2400.0              
                 SIC: 0.0                 
                 PSR: Age of the last received PSR track update is higher than system dependent threshold
                 SAC: 255.0               
                 SIM: Actual track        
                  AX: 0.0                 
                  AY: 0.0                 
                 FPC: Not flight-plan correlated
TARGETIDENTIFICATION: SKY509              
                 CNF: confirmed track     
            LATITUDE: 33.611877           
                 AFF: default value       
                  VX: -31.25              
                 MRH: Barometric altitude (Mode C) more reliable
                  VY: 50.0                
                 SRC: GNSS                
           LONGITUDE: 130.43329           
                 QNH: No QNH correction applied
               TRANS: constant course     
       TARGETADDRESS: 0x8681a8            
       MODE3A-CHANGE: No Change           
                LONG: constant GroundSpeed
                 CST: default value       
RATE OF CLIMB/DESCENT: 3012.5              
                 MON: Monosensor track    
            MODE3A-V: Code not validated  
                 KOS: Complementary service used
                 SSR: Age of the last received SSR track update is higher than system dependent threshold
         Y-COMPONENT: -267444.0           
        MODE3A-REPLY: 0000                
                 MD4: No Mode 4 interrogation
            MODE3A-G: Default             
                 MD5: No Mode 5 interrogation
---------------------------------------------------
                 ADF: No altitude discrepancy
         X-COMPONENT: 267632.5            
         TRACKNUMBER: 769.0               
                 SPI: default value       
                 STP: default value       
                 ADS: default value       
                 AMA: track not resulting from amalgamation process
                  ME: default value       
                VERT: Climb               
                  MI: default value       
                 MDS: default value       
                 SUC:  Special Used Code (Mode A codes to be defined in the system to mark a track with special interest) 
                 TSB: default value       
                 AAC:  Assigned Mode A Code Conflict (same discrete Mode A Code assigned to another track) 
                 TSE: default value       
                 TOD: 30027.297           
            ALTITUDE: 4600.0              
                 SIC: 0.0                 
                 PSR: Age of the last received PSR track update is higher than system dependent threshold
                 SAC: 255.0               
                 SIM: Actual track        
                  AX: 0.0                 
                  AY: 0.0                 
                 FPC: Not flight-plan correlated
TARGETIDENTIFICATION: ANA262              
                 CNF: confirmed track     
            LATITUDE: 33.674297           
                 AFF: default value       
                  VX: 102.25              
                 MRH: Barometric altitude (Mode C) more reliable
                  VY: -23.75              
                 SRC: GNSS                
           LONGITUDE: 130.46927           
                 QNH: No QNH correction applied
               TRANS: constant course     
       TARGETADDRESS: 0x846954            
       MODE3A-CHANGE: No Change           
                LONG: constant GroundSpeed
                 CST: default value       
RATE OF CLIMB/DESCENT: 893.75              
                 MON: Monosensor track    
            MODE3A-V: Code validated      
                 KOS: Complementary service used
                 SSR: Age of the last received SSR track update is higher than system dependent threshold
         Y-COMPONENT: -260488.5           
        MODE3A-REPLY: 1732                
                 MD4: No Mode 4 interrogation
            MODE3A-G: Default             
                 MD5: No Mode 5 interrogation
---------------------------------------------------
                 ADF: No altitude discrepancy
         X-COMPONENT: 269001.0            
         TRACKNUMBER: 2810.0              
                 SPI: default value       
                 STP: default value       
                 ADS: default value       
                 AMA: track not resulting from amalgamation process
                  ME: default value       
                VERT: Descent             
                  MI: default value       
                 MDS: default value       
                 SUC:  Special Used Code (Mode A codes to be defined in the system to mark a track with special interest) 
                 TSB: default value       
                 AAC:  Assigned Mode A Code Conflict (same discrete Mode A Code assigned to another track) 
                 TSE: default value       
                 TOD: 30027.305           
            ALTITUDE: 7300.0              
                 SIC: 0.0                 
                 PSR: Age of the last received PSR track update is higher than system dependent threshold
                 SAC: 255.0               
                 SIM: Actual track        
                  AX: 0.0                 
                  AY: 0.0                 
                 FPC: Not flight-plan correlated
TARGETIDENTIFICATION: AHX106              
                 CNF: confirmed track     
            LATITUDE: 32.724773           
                 AFF: default value       
                  VX: -40.5               
                 MRH: Barometric altitude (Mode C) more reliable
                  VY: -130.25             
                 SRC: GNSS                
           LONGITUDE: 130.4521            
                 QNH: No QNH correction applied
               TRANS: constant course     
       TARGETADDRESS: 0x8404f3            
       MODE3A-CHANGE: No Change           
                LONG: constant GroundSpeed
                 CST: default value       
RATE OF CLIMB/DESCENT: -1587.5             
                 MON: Monosensor track    
            MODE3A-V: Code not validated  
                 KOS: Complementary service used
                 SSR: Age of the last received SSR track update is higher than system dependent threshold
         Y-COMPONENT: -365871.0           
        MODE3A-REPLY: 0434                
                 MD4: No Mode 4 interrogation
            MODE3A-G: Default             
                 MD5: No Mode 5 interrogation
---------------------------------------------------
                 AFF: default value       
                  VX: -160.25             
                 MRH: Barometric altitude (Mode C) more reliable
                  VY: -36.75              
                 ADF: No altitude discrepancy
           MODE2CODE: 3370                
         X-COMPONENT: 279066.5            
                 SRC: height from coverage
           LONGITUDE: 130.5978            
         TRACKNUMBER: 2793.0              
                 QNH: No QNH correction applied
                 SPI: default value       
               TRANS: constant course     
                 STP: default value       
                 ADS: Age of the last received ADS-B track update is higher than system dependent threshold 
                 AMA: track not resulting from amalgamation process
                  ME: default value       
                VERT: Level               
       MODE3A-CHANGE: No Change           
                  MI: default value       
                 MDS: Age of the last received Mode S track update is higher than system dependent threshold 
                LONG: constant GroundSpeed
                 SUC:  Special Used Code (Mode A codes to be defined in the system to mark a track with special interest) 
                 TSB: default value       
                 AAC:  Assigned Mode A Code Conflict (same discrete Mode A Code assigned to another track) 
                 CST: default value       
                 TSE: default value       
RATE OF CLIMB/DESCENT: 0.0                 
                 TOD: 30027.305           
            ALTITUDE: 16000.0             
                 SIC: 0.0                 
                 MON: Multisensor track   
            MODE3A-V: Code validated      
                 KOS: Complementary service used
                 PSR: Age of the last received PSR track update is higher than system dependent threshold
                 SSR: default value       
                 SAC: 255.0               
                 SIM: Actual track        
                  AX: 0.0                 
                  AY: 0.0                 
                 FPC: Not flight-plan correlated
                 CNF: confirmed track     
         Y-COMPONENT: -256641.5           
        MODE3A-REPLY: 4613                
                 MD4: No Mode 4 interrogation
            LATITUDE: 33.706543           
            MODE3A-G: Default             
                 MD5: No Mode 5 interrogation
---------------------------------------------------
                 AFF: default value       
                  VX: -184.5              
                 MRH: Barometric altitude (Mode C) more reliable
                  VY: -63.75              
                 ADF: No altitude discrepancy
           MODE2CODE: 7624                
         X-COMPONENT: 291925.0            
                 SRC: no source           
           LONGITUDE: 130.84833           
         TRACKNUMBER: 2588.0              
                 QNH: No QNH correction applied
                 SPI: default value       
               TRANS: constant course     
                 STP: default value       
                 ADS: Age of the last received ADS-B track update is higher than system dependent threshold 
                 AMA: track not resulting from amalgamation process
                  ME: default value       
                VERT: Level               
       MODE3A-CHANGE: No Change           
                  MI: default value       
                 MDS: Age of the last received Mode S track update is higher than system dependent threshold 
                LONG: constant GroundSpeed
                 SUC:  Special Used Code (Mode A codes to be defined in the system to mark a track with special interest) 
                 TSB: default value       
                 AAC:  Assigned Mode A Code Conflict (same discrete Mode A Code assigned to another track) 
                 CST: default value       
                 TSE: default value       
RATE OF CLIMB/DESCENT: 0.0                 
                 TOD: 30027.305           
            ALTITUDE: 0.0                 
                 SIC: 0.0                 
                 MON: Monosensor track    
            MODE3A-V: Code not validated  
                 KOS: Complementary service used
                 PSR: Age of the last received PSR track update is higher than system dependent threshold
                 SSR: default value       
                 SAC: 255.0               
                 SIM: Actual track        
                  AX: 0.0                 
                  AY: 0.0                 
                 FPC: Not flight-plan correlated
                 CNF: confirmed track     
         Y-COMPONENT: 26622.5             
        MODE3A-REPLY: 0000                
                 MD4: No Mode 4 interrogation
            LATITUDE: 36.257805           
            MODE3A-G: Default             
                 MD5: No Mode 5 interrogation
---------------------------------------------------
                 ADF: No altitude discrepancy
         X-COMPONENT: 295769.0            
         TRACKNUMBER: 2901.0              
                 SPI: default value       
                 STP: default value       
                 ADS: default value       
                 AMA: track not resulting from amalgamation process
                  ME: default value       
                VERT: Descent             
                  MI: default value       
                 MDS: default value       
                 SUC:  Special Used Code (Mode A codes to be defined in the system to mark a track with special interest) 
                 TSB: default value       
                 AAC:  Assigned Mode A Code Conflict (same discrete Mode A Code assigned to another track) 
                 TSE: default value       
                 TOD: 30027.305           
            ALTITUDE: 11000.0             
                 SIC: 0.0                 
                 PSR: default value       
                 SAC: 255.0               
                 SIM: Actual track        
                  AX: 0.0                 
                  AY: 0.0                 
                 FPC: Not flight-plan correlated
TARGETIDENTIFICATION: JAL325              
                 CNF: confirmed track     
            LATITUDE: 34.032146           
                 AFF: default value       
                  VX: -162.0              
                 MRH: Barometric altitude (Mode C) more reliable
                  VY: -110.75             
                 SRC: GNSS                
           LONGITUDE: 130.78864           
                 QNH: No QNH correction applied
               TRANS: constant course     
       TARGETADDRESS: 0x8518f2            
       MODE3A-CHANGE: No Change           
                LONG: constant GroundSpeed
                 CST: default value       
RATE OF CLIMB/DESCENT: -1587.5             
                 MON: Multisensor track   
            MODE3A-V: Code validated      
                 KOS: Complementary service used
                 SSR: default value       
         Y-COMPONENT: -220033.0           
        MODE3A-REPLY: 4631                
                 MD4: No Mode 4 interrogation
            MODE3A-G: Default             
                 MD5: No Mode 5 interrogation
---------------------------------------------------
                 ADF: No altitude discrepancy
         X-COMPONENT: 302850.0            
         TRACKNUMBER: 280.0               
                 SPI: default value       
                 STP: default value       
                 ADS: default value       
                 AMA: track not resulting from amalgamation process
                  ME: default value       
                VERT: Level               
                  MI: default value       
                 MDS: default value       
                 NBR: 37042.0             
                 SUC:  Special Used Code (Mode A codes to be defined in the system to mark a track with special interest) 
                 TSB: default value       
                 AAC:  Assigned Mode A Code Conflict (same discrete Mode A Code assigned to another track) 
                 TSE: default value       
                 TOD: 30027.305           
            ALTITUDE: 31000.0             
                 SIC: 0.0                 
                 PSR: default value       
                 SAC: 255.0               
                 SIM: Actual track        
                  AX: 0.0                 
                  AY: 0.0                 
                 FPC: Not flight-plan correlated
TARGETIDENTIFICATION: ACA026              
                 CNF: confirmed track     
            LATITUDE: 36.609962           
                 AFF: default value       
                  VX: 232.75              
                 MRH: Barometric altitude (Mode C) more reliable
                  VY: -135.5              
                 SRC: GNSS                
           LONGITUDE: 130.96654           
                 QNH: No QNH correction applied
               TRANS: constant course     
       TARGETADDRESS: 0xc0173f            
       MODE3A-CHANGE: No Change           
                LONG: constant GroundSpeed
                 CST: default value       
RATE OF CLIMB/DESCENT: 0.0                 
                 TYP: Plan Number         
                 MON: Multisensor track   
            MODE3A-V: Code validated      
                 KOS: Complementary service used
                 SSR: default value       
         Y-COMPONENT: 66369.0             
        MODE3A-REPLY: 4164                
                 MD4: No Mode 4 interrogation
            MODE3A-G: Default             
                 MD5: No Mode 5 interrogation
---------------------------------------------------
                 AFF: default value       
                  VX: 225.5               
                 MRH: Barometric altitude (Mode C) more reliable
                  VY: 85.5                
                 ADF: No altitude discrepancy
         X-COMPONENT: 306243.5            
                 SRC: GNSS                
           LONGITUDE: 130.8676            
         TRACKNUMBER: 1484.0              
                 QNH: No QNH correction applied
                 SPI: default value       
               TRANS: constant course     
                 STP: default value       
                 ADS: default value       
                 AMA: track not resulting from amalgamation process
                  ME: default value       
                VERT: Level               
       MODE3A-CHANGE: No Change           
                  MI: default value       
                 MDS: default value       
                LONG: constant GroundSpeed
                 SUC:  Special Used Code (Mode A codes to be defined in the system to mark a track with special interest) 
                 TSB: default value       
                 AAC:  Assigned Mode A Code Conflict (same discrete Mode A Code assigned to another track) 
                 CST: default value       
                 TSE: default value       
RATE OF CLIMB/DESCENT: 0.0                 
                 TOD: 30027.305           
            ALTITUDE: 31000.0             
                 SIC: 0.0                 
                 MON: Multisensor track   
            MODE3A-V: Code validated      
                 KOS: Complementary service used
                 PSR: default value       
                 SSR: default value       
                 SAC: 255.0               
                 SIM: Actual track        
                  AX: 0.0                 
                  AY: 0.0                 
                 FPC: Not flight-plan correlated
TARGETIDENTIFICATION: CSS7255             
                 CNF: confirmed track     
         Y-COMPONENT: -303047.0           
        MODE3A-REPLY: 4360                
                 MD4: No Mode 4 interrogation
            LATITUDE: 33.27941            
            MODE3A-G: Default             
                 MD5: No Mode 5 interrogation
---------------------------------------------------
                 ADF: No altitude discrepancy
         X-COMPONENT: 308793.0            
         TRACKNUMBER: 1397.0              
                 SPI: default value       
                 STP: default value       
                 ADS: default value       
                 AMA: track not resulting from amalgamation process
                  ME: default value       
                VERT: Level               
                  MI: default value       
                 MDS: default value       
                 SUC:  Special Used Code (Mode A codes to be defined in the system to mark a track with special interest) 
                 TSB: default value       
                 AAC:  Assigned Mode A Code Conflict (same discrete Mode A Code assigned to another track) 
                 TSE: default value       
                 TOD: 30027.305           
            ALTITUDE: 3300.0              
                 SIC: 0.0                 
                 PSR: Age of the last received PSR track update is higher than system dependent threshold
                 SAC: 255.0               
                 SIM: Actual track        
                  AX: 0.0                 
                  AY: 0.0                 
                 FPC: Not flight-plan correlated
TARGETIDENTIFICATION: JA45KA              
                 CNF: confirmed track     
            LATITUDE: 33.571106           
                 AFF: default value       
                  VX: 2.5                 
                 MRH: Barometric altitude (Mode C) more reliable
                  VY: 57.25               
                 SRC: GNSS                
           LONGITUDE: 130.90927           
                 QNH: No QNH correction applied
               TRANS: constant course     
       TARGETADDRESS: 0x857b30            
       MODE3A-CHANGE: No Change           
                LONG: constant GroundSpeed
                 CST: default value       
RATE OF CLIMB/DESCENT: -287.5              
                 MON: Monosensor track    
            MODE3A-V: Code validated      
                 KOS: Complementary service used
                 SSR: Age of the last received SSR track update is higher than system dependent threshold
         Y-COMPONENT: -270659.0           
        MODE3A-REPLY: 5327                
                 MD4: No Mode 4 interrogation
            MODE3A-G: Default             
                 MD5: No Mode 5 interrogation
---------------------------------------------------
                 AFF: default value       
                  VX: 35.25               
                 MRH: Barometric altitude (Mode C) more reliable
                  VY: 0.0                 
                 ADF: No altitude discrepancy
         X-COMPONENT: 311392.5            
                 SRC: height from coverage
           LONGITUDE: 130.96614           
         TRACKNUMBER: 2093.0              
                 QNH: No QNH correction applied
                 SPI: default value       
               TRANS: constant course     
                 STP: default value       
                 ADS: Age of the last received ADS-B track update is higher than system dependent threshold 
                 AMA: track not resulting from amalgamation process
                  ME: default value       
                VERT: Descent             
       MODE3A-CHANGE: No Change           
                  MI: default value       
                 MDS: Age of the last received Mode S track update is higher than system dependent threshold 
                LONG: constant GroundSpeed
                 SUC:  Special Used Code (Mode A codes to be defined in the system to mark a track with special interest) 
                 TSB: default value       
                 AAC:  Assigned Mode A Code Conflict (same discrete Mode A Code assigned to another track) 
                 CST: default value       
                 TSE: default value       
RATE OF CLIMB/DESCENT: -1493.75            
                 TOD: 30027.367           
            ALTITUDE: 5000.0              
                 SIC: 0.0                 
                 MON: Multisensor track   
            MODE3A-V: Code validated      
                 KOS: Complementary service used
                 PSR: Age of the last received PSR track update is higher than system dependent threshold
                 SSR: default value       
                 SAC: 255.0               
                 SIM: Actual track        
                  AX: 0.0                 
                  AY: 0.0                 
                 FPC: Not flight-plan correlated
                 CNF: confirmed track     
         Y-COMPONENT: -188224.5           
        MODE3A-REPLY: 1200                
                 MD4: No Mode 4 interrogation
            LATITUDE: 34.312916           
            MODE3A-G: Default             
                 MD5: No Mode 5 interrogation
---------------------------------------------------
                 AFF: default value       
                  VX: -70.5               
                 MRH: Barometric altitude (Mode C) more reliable
                  VY: 92.25               
                 ADF: No altitude discrepancy
           MODE2CODE: 5611                
         X-COMPONENT: 317598.5            
                 SRC: height from coverage
           LONGITUDE: 131.21729           
         TRACKNUMBER: 1586.0              
                 QNH: QNH correction applied
                 SPI: default value       
               TRANS: constant course     
                 STP: default value       
                 ADS: Age of the last received ADS-B track update is higher than system dependent threshold 
                 AMA: track not resulting from amalgamation process
                  ME: default value       
                VERT: Level               
       MODE3A-CHANGE: No Change           
                  MI: default value       
                 MDS: Age of the last received Mode S track update is higher than system dependent threshold 
                LONG: constant GroundSpeed
                 SUC: default value       
                 TSB: default value       
                 AAC:  Assigned Mode A Code Conflict (same discrete Mode A Code assigned to another track) 
                 CST: default value       
                 TSE: default value       
RATE OF CLIMB/DESCENT: 0.0                 
                 TOD: 30027.438           
            ALTITUDE: 7500.0              
                 SIC: 0.0                 
                 MON: Multisensor track   
            MODE3A-V: Code validated      
                 KOS: Complementary service used
                 PSR: default value       
                 SSR: default value       
                 SAC: 255.0               
                 SIM: Actual track        
                  AX: 0.0                 
                  AY: 0.0                 
                 FPC: Not flight-plan correlated
                 CNF: confirmed track     
         Y-COMPONENT: 250640.0            
        MODE3A-REPLY: 4221                
                 MD4: No Mode 4 interrogation
            LATITUDE: 38.256096           
            MODE3A-G: Default             
                 MD5: No Mode 5 interrogation
---------------------------------------------------
                 AFF: default value       
                  VX: 170.0               
                 MRH: Barometric altitude (Mode C) more reliable
                  VY: 149.0               
                 ADF: No altitude discrepancy
           MODE2CODE: 2452                
         X-COMPONENT: 326500.5            
                 SRC: height from coverage
           LONGITUDE: 131.12407           
         TRACKNUMBER: 874.0               
                 QNH: No QNH correction applied
                 SPI: default value       
               TRANS: constant course     
                 STP: default value       
                 ADS: Age of the last received ADS-B track update is higher than system dependent threshold 
                 AMA: track not resulting from amalgamation process
                  ME: default value       
                VERT: Level               
       MODE3A-CHANGE: No Change           
                  MI: default value       
                 MDS: Age of the last received Mode S track update is higher than system dependent threshold 
                LONG: constant GroundSpeed
                 SUC:  Special Used Code (Mode A codes to be defined in the system to mark a track with special interest) 
                 TSB: default value       
                 AAC:  Assigned Mode A Code Conflict (same discrete Mode A Code assigned to another track) 
                 CST: default value       
                 TSE: default value       
RATE OF CLIMB/DESCENT: 0.0                 
                 TOD: 30027.438           
            ALTITUDE: 33000.0             
                 SIC: 0.0                 
                 MON: Multisensor track   
            MODE3A-V: Code validated      
                 KOS: Complementary service used
                 PSR: default value       
                 SSR: default value       
                 SAC: 255.0               
                 SIM: Actual track        
                  AX: 0.0                 
                  AY: 0.0                 
                 FPC: Not flight-plan correlated
                 CNF: confirmed track     
         Y-COMPONENT: -192689.0           
        MODE3A-REPLY: 2031                
                 MD4: No Mode 4 interrogation
            LATITUDE: 34.264313           
            MODE3A-G: Default             
                 MD5: No Mode 5 interrogation
---------------------------------------------------
                 ADF: No altitude discrepancy
         X-COMPONENT: 326479.5            
         TRACKNUMBER: 2488.0              
                 SPI: default value       
                 STP: default value       
                 ADS: default value       
                 AMA: track not resulting from amalgamation process
                  ME: default value       
                VERT: Descent             
                  MI: default value       
                 MDS: default value       
                 SUC:  Special Used Code (Mode A codes to be defined in the system to mark a track with special interest) 
                 TSB: default value       
                 AAC:  Assigned Mode A Code Conflict (same discrete Mode A Code assigned to another track) 
                 TSE: default value       
                 TOD: 30027.445           
            ALTITUDE: 1600.0              
                 SIC: 0.0                 
                 PSR: Age of the last received PSR track update is higher than system dependent threshold
                 SAC: 255.0               
                 SIM: Actual track        
                  AX: 0.0                 
                  AY: 0.0                 
                 FPC: Not flight-plan correlated
TARGETIDENTIFICATION: JA123P              
                 CNF: confirmed track     
            LATITUDE: 33.814674           
                 AFF: default value       
                  VX: -70.75              
                 MRH: Barometric altitude (Mode C) more reliable
                  VY: -28.75              
                 SRC: GNSS                
           LONGITUDE: 131.11021           
                 QNH: No QNH correction applied
               TRANS: constant course     
       TARGETADDRESS: 0x84616d            
       MODE3A-CHANGE: No Change           
                LONG: constant GroundSpeed
                 CST: default value       
RATE OF CLIMB/DESCENT: -687.5              
                 MON: Monosensor track    
            MODE3A-V: Code validated      
                 KOS: Complementary service used
                 SSR: Age of the last received SSR track update is higher than system dependent threshold
         Y-COMPONENT: -243031.0           
        MODE3A-REPLY: 2074                
                 MD4: No Mode 4 interrogation
            MODE3A-G: Default             
                 MD5: No Mode 5 interrogation
---------------------------------------------------
                 ADF: No altitude discrepancy
         X-COMPONENT: 337430.0            
         TRACKNUMBER: 411.0               
                 SPI: default value       
                 STP: default value       
                 ADS: default value       
                 AMA: track not resulting from amalgamation process
                  ME: default value       
                VERT: Climb               
                  MI: default value       
                 MDS: default value       
                 SUC:  Special Used Code (Mode A codes to be defined in the system to mark a track with special interest) 
                 TSB: default value       
                 AAC:  Assigned Mode A Code Conflict (same discrete Mode A Code assigned to another track) 
                 TSE: default value       
                 TOD: 30027.445           
            ALTITUDE: 23700.0             
                 SIC: 0.0                 
                 PSR: default value       
                 SAC: 255.0               
                 SIM: Actual track        
                  AX: 0.0                 
                  AY: 0.0                 
                 FPC: Not flight-plan correlated
TARGETIDENTIFICATION: FDA310              
                 CNF: confirmed track     
            LATITUDE: 33.4638             
                 AFF: default value       
                  VX: 135.25              
                 MRH: Barometric altitude (Mode C) more reliable
                  VY: 111.75              
                 SRC: GNSS                
           LONGITUDE: 131.2112            
                 QNH: No QNH correction applied
               TRANS: constant course     
       TARGETADDRESS: 0x8462c4            
       MODE3A-CHANGE: No Change           
                LONG: constant GroundSpeed
                 CST: default value       
RATE OF CLIMB/DESCENT: 1437.5              
                 MON: Multisensor track   
            MODE3A-V: Code validated      
                 KOS: Complementary service used
                 SSR: default value       
         Y-COMPONENT: -281456.5           
        MODE3A-REPLY: 0477                
                 MD4: No Mode 4 interrogation
            MODE3A-G: Default             
                 MD5: No Mode 5 interrogation
---------------------------------------------------
                 ADF: No altitude discrepancy
         X-COMPONENT: 368980.0            
         TRACKNUMBER: 577.0               
                 SPI: default value       
                 STP: default value       
                 ADS: default value       
                 AMA: track not resulting from amalgamation process
                  ME: default value       
                VERT: Level               
                  MI: default value       
                 MDS: default value       
                 NBR: 35918.0             
                 SUC:  Special Used Code (Mode A codes to be defined in the system to mark a track with special interest) 
                 TSB: default value       
                 AAC:  Assigned Mode A Code Conflict (same discrete Mode A Code assigned to another track) 
                 TSE: default value       
                 TOD: 30027.445           
            ALTITUDE: 39000.0             
                 SIC: 0.0                 
                 PSR: default value       
                 SAC: 255.0               
                 SIM: Actual track        
                  AX: 0.0                 
                  AY: 0.0                 
                 FPC: Not flight-plan correlated
TARGETIDENTIFICATION: THY198              
                 CNF: confirmed track     
            LATITUDE: 36.301704           
                 AFF: default value       
                  VX: 245.25              
                 MRH: Barometric altitude (Mode C) more reliable
                  VY: -69.5               
                 SRC: GNSS                
           LONGITUDE: 131.68933           
                 QNH: No QNH correction applied
               TRANS: constant course     
       TARGETADDRESS: 0x4bb18b            
       MODE3A-CHANGE: No Change           
                LONG: constant GroundSpeed
                 CST: default value       
RATE OF CLIMB/DESCENT: 0.0                 
                 TYP: Plan Number         
                 MON: Multisensor track   
            MODE3A-V: Code validated      
                 KOS: Complementary service used
                 SSR: default value       
         Y-COMPONENT: 34739.5             
        MODE3A-REPLY: 5103                
                 MD4: No Mode 4 interrogation
            MODE3A-G: Default             
                 MD5: No Mode 5 interrogation
---------------------------------------------------
]]></system-out>
  </testcase>
</testsuite>